[08-Sep-2017 07:44:58 UTC] PHP Fatal error:  Call to undefined function rdc_current_url() in /app/public/wp-content/themes/kandinsky/modules/social.php on line 102
[08-Sep-2017 11:58:04 UTC] PHP Notice:  Undefined index: article6 in /app/public/wp-content/themes/kandinsky/modules/starter/import_remote_content.php on line 152
[08-Sep-2017 14:01:12 UTC] PHP Warning:  require(/app/public/wp-content/themes/kandinsky/modules/person/template.php): failed to open stream: No such file or directory in /app/public/wp-content/themes/kandinsky/modules/person/person.php on line 5
[08-Sep-2017 14:01:12 UTC] PHP Fatal error:  require(): Failed opening required '/app/public/wp-content/themes/kandinsky/modules/person/template.php' (include_path='.:/usr/share/php:/www/wp-content/pear') in /app/public/wp-content/themes/kandinsky/modules/person/person.php on line 5
[08-Sep-2017 14:03:13 UTC] PHP Warning:  require(/app/public/wp-content/themes/kandinsky/modules/person/template.php): failed to open stream: No such file or directory in /app/public/wp-content/themes/kandinsky/modules/person/person.php on line 5
[08-Sep-2017 14:03:13 UTC] PHP Fatal error:  require(): Failed opening required '/app/public/wp-content/themes/kandinsky/modules/person/template.php' (include_path='.:/usr/share/php:/www/wp-content/pear') in /app/public/wp-content/themes/kandinsky/modules/person/person.php on line 5
[08-Sep-2017 14:05:14 UTC] PHP Warning:  require(/app/public/wp-content/themes/kandinsky/modules/person/template.php): failed to open stream: No such file or directory in /app/public/wp-content/themes/kandinsky/modules/person/person.php on line 5
[08-Sep-2017 14:05:14 UTC] PHP Fatal error:  require(): Failed opening required '/app/public/wp-content/themes/kandinsky/modules/person/template.php' (include_path='.:/usr/share/php:/www/wp-content/pear') in /app/public/wp-content/themes/kandinsky/modules/person/person.php on line 5
[08-Sep-2017 14:07:16 UTC] PHP Warning:  require(/app/public/wp-content/themes/kandinsky/modules/person/template.php): failed to open stream: No such file or directory in /app/public/wp-content/themes/kandinsky/modules/person/person.php on line 5
[08-Sep-2017 14:07:16 UTC] PHP Fatal error:  require(): Failed opening required '/app/public/wp-content/themes/kandinsky/modules/person/template.php' (include_path='.:/usr/share/php:/www/wp-content/pear') in /app/public/wp-content/themes/kandinsky/modules/person/person.php on line 5
[08-Sep-2017 14:09:18 UTC] PHP Warning:  require(/app/public/wp-content/themes/kandinsky/modules/person/template.php): failed to open stream: No such file or directory in /app/public/wp-content/themes/kandinsky/modules/person/person.php on line 5
[08-Sep-2017 14:09:18 UTC] PHP Fatal error:  require(): Failed opening required '/app/public/wp-content/themes/kandinsky/modules/person/template.php' (include_path='.:/usr/share/php:/www/wp-content/pear') in /app/public/wp-content/themes/kandinsky/modules/person/person.php on line 5
[08-Sep-2017 14:11:20 UTC] PHP Warning:  require(/app/public/wp-content/themes/kandinsky/modules/person/template.php): failed to open stream: No such file or directory in /app/public/wp-content/themes/kandinsky/modules/person/person.php on line 5
[08-Sep-2017 14:11:20 UTC] PHP Fatal error:  require(): Failed opening required '/app/public/wp-content/themes/kandinsky/modules/person/template.php' (include_path='.:/usr/share/php:/www/wp-content/pear') in /app/public/wp-content/themes/kandinsky/modules/person/person.php on line 5
[08-Sep-2017 14:13:24 UTC] PHP Warning:  require(/app/public/wp-content/themes/kandinsky/modules/person/template.php): failed to open stream: No such file or directory in /app/public/wp-content/themes/kandinsky/modules/person/person.php on line 5
[08-Sep-2017 14:13:24 UTC] PHP Fatal error:  require(): Failed opening required '/app/public/wp-content/themes/kandinsky/modules/person/template.php' (include_path='.:/usr/share/php:/www/wp-content/pear') in /app/public/wp-content/themes/kandinsky/modules/person/person.php on line 5
[08-Sep-2017 14:15:25 UTC] PHP Warning:  require(/app/public/wp-content/themes/kandinsky/modules/person/template.php): failed to open stream: No such file or directory in /app/public/wp-content/themes/kandinsky/modules/person/person.php on line 5
[08-Sep-2017 14:15:25 UTC] PHP Fatal error:  require(): Failed opening required '/app/public/wp-content/themes/kandinsky/modules/person/template.php' (include_path='.:/usr/share/php:/www/wp-content/pear') in /app/public/wp-content/themes/kandinsky/modules/person/person.php on line 5
[08-Sep-2017 14:16:25 UTC] PHP Warning:  require(/app/public/wp-content/themes/kandinsky/modules/person/template.php): failed to open stream: No such file or directory in /app/public/wp-content/themes/kandinsky/modules/person/person.php on line 5
[08-Sep-2017 14:16:25 UTC] PHP Fatal error:  require(): Failed opening required '/app/public/wp-content/themes/kandinsky/modules/person/template.php' (include_path='.:/usr/share/php:/www/wp-content/pear') in /app/public/wp-content/themes/kandinsky/modules/person/person.php on line 5
[08-Sep-2017 14:17:25 UTC] PHP Warning:  require(/app/public/wp-content/themes/kandinsky/modules/person/template.php): failed to open stream: No such file or directory in /app/public/wp-content/themes/kandinsky/modules/person/person.php on line 5
[08-Sep-2017 14:17:25 UTC] PHP Fatal error:  require(): Failed opening required '/app/public/wp-content/themes/kandinsky/modules/person/template.php' (include_path='.:/usr/share/php:/www/wp-content/pear') in /app/public/wp-content/themes/kandinsky/modules/person/person.php on line 5
[08-Sep-2017 14:19:25 UTC] PHP Warning:  require(/app/public/wp-content/themes/kandinsky/modules/person/template.php): failed to open stream: No such file or directory in /app/public/wp-content/themes/kandinsky/modules/person/person.php on line 5
[08-Sep-2017 14:19:25 UTC] PHP Fatal error:  require(): Failed opening required '/app/public/wp-content/themes/kandinsky/modules/person/template.php' (include_path='.:/usr/share/php:/www/wp-content/pear') in /app/public/wp-content/themes/kandinsky/modules/person/person.php on line 5
[08-Sep-2017 14:21:25 UTC] PHP Warning:  require(/app/public/wp-content/themes/kandinsky/modules/person/template.php): failed to open stream: No such file or directory in /app/public/wp-content/themes/kandinsky/modules/person/person.php on line 5
[08-Sep-2017 14:21:25 UTC] PHP Fatal error:  require(): Failed opening required '/app/public/wp-content/themes/kandinsky/modules/person/template.php' (include_path='.:/usr/share/php:/www/wp-content/pear') in /app/public/wp-content/themes/kandinsky/modules/person/person.php on line 5
[08-Sep-2017 14:23:25 UTC] PHP Parse error:  syntax error, unexpected '') {' (T_CONSTANT_ENCAPSED_STRING), expecting ')' in /app/public/wp-content/themes/kandinsky/modules/person/widgets.php on line 79
[08-Sep-2017 14:25:25 UTC] PHP Parse error:  syntax error, unexpected ',' in /app/public/wp-content/themes/kandinsky/modules/person/widgets.php on line 16
[08-Sep-2017 14:27:25 UTC] PHP Parse error:  syntax error, unexpected ',' in /app/public/wp-content/themes/kandinsky/modules/person/widgets.php on line 16
[08-Sep-2017 14:28:30 UTC] PHP Parse error:  syntax error, unexpected ',' in /app/public/wp-content/themes/kandinsky/modules/person/widgets.php on line 16
[08-Sep-2017 14:28:33 UTC] PHP Parse error:  syntax error, unexpected ',' in /app/public/wp-content/themes/kandinsky/modules/person/widgets.php on line 16
[08-Sep-2017 14:29:19 UTC] PHP Parse error:  syntax error, unexpected '') {' (T_CONSTANT_ENCAPSED_STRING), expecting ')' in /app/public/wp-content/themes/kandinsky/modules/person/widgets.php on line 79
[08-Sep-2017 14:30:30 UTC] PHP Parse error:  syntax error, unexpected '') {' (T_CONSTANT_ENCAPSED_STRING), expecting ')' in /app/public/wp-content/themes/kandinsky/modules/person/widgets.php on line 78
[08-Sep-2017 14:34:46 UTC] PHP Parse error:  syntax error, unexpected '') {' (T_CONSTANT_ENCAPSED_STRING), expecting ')' in /app/public/wp-content/themes/kandinsky/modules/person/widgets.php on line 78
[08-Sep-2017 14:37:09 UTC] PHP Warning:  require(/app/public/wp-content/themes/kandinsky/modules/person/template.php): failed to open stream: No such file or directory in /app/public/wp-content/themes/kandinsky/modules/person/person.php on line 5
[08-Sep-2017 14:37:09 UTC] PHP Fatal error:  require(): Failed opening required '/app/public/wp-content/themes/kandinsky/modules/person/template.php' (include_path='.:/usr/share/php:/www/wp-content/pear') in /app/public/wp-content/themes/kandinsky/modules/person/person.php on line 5
[08-Sep-2017 14:37:30 UTC] PHP Parse error:  syntax error, unexpected '/' in /app/public/wp-content/themes/kandinsky/modules/person/templates.php on line 47
[08-Sep-2017 14:37:44 UTC] PHP Notice:  Trying to get property of non-object in /app/public/wp-content/themes/kandinsky/modules/person/widgets.php on line 57
[08-Sep-2017 14:37:44 UTC] PHP Notice:  Undefined property: WP_Error::$slug in /app/public/wp-content/themes/kandinsky/modules/person/widgets.php on line 57
[08-Sep-2017 14:37:44 UTC] PHP Notice:  Trying to get property of non-object in /app/public/wp-content/themes/kandinsky/modules/person/widgets.php on line 57
[08-Sep-2017 14:37:44 UTC] PHP Notice:  Trying to get property of non-object in /app/public/wp-content/themes/kandinsky/modules/person/widgets.php on line 57
[08-Sep-2017 14:37:44 UTC] PHP Notice:  Undefined property: WP_Error::$slug in /app/public/wp-content/themes/kandinsky/modules/person/widgets.php on line 57
[08-Sep-2017 14:37:44 UTC] PHP Notice:  Trying to get property of non-object in /app/public/wp-content/themes/kandinsky/modules/person/widgets.php on line 57
[08-Sep-2017 14:39:07 UTC] PHP Notice:  Undefined variable: c in /app/public/wp-content/themes/kandinsky/modules/person/widgets.php on line 56
[08-Sep-2017 14:39:07 UTC] PHP Notice:  Undefined variable: c in /app/public/wp-content/themes/kandinsky/modules/person/widgets.php on line 57
[08-Sep-2017 14:39:07 UTC] PHP Notice:  Trying to get property of non-object in /app/public/wp-content/themes/kandinsky/modules/person/widgets.php on line 57
[08-Sep-2017 14:39:07 UTC] PHP Notice:  Trying to get property of non-object in /app/public/wp-content/themes/kandinsky/modules/person/widgets.php on line 57
[08-Sep-2017 14:39:07 UTC] PHP Notice:  Undefined variable: c in /app/public/wp-content/themes/kandinsky/modules/person/widgets.php on line 57
[08-Sep-2017 14:39:07 UTC] PHP Notice:  Trying to get property of non-object in /app/public/wp-content/themes/kandinsky/modules/person/widgets.php on line 57
[08-Sep-2017 14:39:07 UTC] PHP Notice:  Undefined variable: c in /app/public/wp-content/themes/kandinsky/modules/person/widgets.php on line 56
[08-Sep-2017 14:39:07 UTC] PHP Notice:  Undefined variable: c in /app/public/wp-content/themes/kandinsky/modules/person/widgets.php on line 57
[08-Sep-2017 14:39:07 UTC] PHP Notice:  Trying to get property of non-object in /app/public/wp-content/themes/kandinsky/modules/person/widgets.php on line 57
[08-Sep-2017 14:39:07 UTC] PHP Notice:  Trying to get property of non-object in /app/public/wp-content/themes/kandinsky/modules/person/widgets.php on line 57
[08-Sep-2017 14:39:07 UTC] PHP Notice:  Undefined variable: c in /app/public/wp-content/themes/kandinsky/modules/person/widgets.php on line 57
[08-Sep-2017 14:39:07 UTC] PHP Notice:  Trying to get property of non-object in /app/public/wp-content/themes/kandinsky/modules/person/widgets.php on line 57
[08-Sep-2017 14:39:07 UTC] PHP Notice:  Undefined variable: c in /app/public/wp-content/themes/kandinsky/modules/person/widgets.php on line 56
[08-Sep-2017 14:39:07 UTC] PHP Notice:  Undefined variable: c in /app/public/wp-content/themes/kandinsky/modules/person/widgets.php on line 57
[08-Sep-2017 14:39:07 UTC] PHP Notice:  Trying to get property of non-object in /app/public/wp-content/themes/kandinsky/modules/person/widgets.php on line 57
[08-Sep-2017 14:39:07 UTC] PHP Notice:  Trying to get property of non-object in /app/public/wp-content/themes/kandinsky/modules/person/widgets.php on line 57
[08-Sep-2017 14:39:07 UTC] PHP Notice:  Undefined variable: c in /app/public/wp-content/themes/kandinsky/modules/person/widgets.php on line 57
[08-Sep-2017 14:39:07 UTC] PHP Notice:  Trying to get property of non-object in /app/public/wp-content/themes/kandinsky/modules/person/widgets.php on line 57
[08-Sep-2017 14:39:07 UTC] PHP Notice:  Undefined variable: c in /app/public/wp-content/themes/kandinsky/modules/person/widgets.php on line 56
[08-Sep-2017 14:39:07 UTC] PHP Notice:  Undefined variable: c in /app/public/wp-content/themes/kandinsky/modules/person/widgets.php on line 57
[08-Sep-2017 14:39:07 UTC] PHP Notice:  Trying to get property of non-object in /app/public/wp-content/themes/kandinsky/modules/person/widgets.php on line 57
[08-Sep-2017 14:39:07 UTC] PHP Notice:  Trying to get property of non-object in /app/public/wp-content/themes/kandinsky/modules/person/widgets.php on line 57
[08-Sep-2017 14:39:07 UTC] PHP Notice:  Undefined variable: c in /app/public/wp-content/themes/kandinsky/modules/person/widgets.php on line 57
[08-Sep-2017 14:39:07 UTC] PHP Notice:  Trying to get property of non-object in /app/public/wp-content/themes/kandinsky/modules/person/widgets.php on line 57
[08-Sep-2017 14:42:11 UTC] PHP Fatal error:  Call to undefined function var_dum() in /app/public/wp-content/themes/kandinsky/modules/person/widgets.php on line 42
[08-Sep-2017 14:42:25 UTC] PHP Fatal error:  Call to undefined function var_dum() in /app/public/wp-content/themes/kandinsky/modules/person/widgets.php on line 42
[08-Sep-2017 14:43:07 UTC] PHP Warning:  Missing argument 2 for KND_Team_Widget::print_widget_content(), called in /app/public/wp-content/themes/kandinsky/modules/person/widgets.php on line 28 and defined in /app/public/wp-content/themes/kandinsky/modules/person/widgets.php on line 95
[08-Sep-2017 14:43:07 UTC] PHP Notice:  Undefined variable: people in /app/public/wp-content/themes/kandinsky/modules/person/widgets.php on line 98
[08-Sep-2017 14:43:07 UTC] PHP Warning:  Invalid argument supplied for foreach() in /app/public/wp-content/themes/kandinsky/modules/person/widgets.php on line 98
[08-Sep-2017 14:43:37 UTC] PHP Notice:  Undefined variable: people in /app/public/wp-content/themes/kandinsky/modules/person/widgets.php on line 98
[08-Sep-2017 14:43:37 UTC] PHP Warning:  Invalid argument supplied for foreach() in /app/public/wp-content/themes/kandinsky/modules/person/widgets.php on line 98
