[22-Jun-2017 18:00:14 UTC] PHP Parse error:  syntax error, unexpected ',', expecting ')' in /home/f/foralien/wordpress_2/public_html/wp-content/themes/kandinsky/functions.php on line 37
[22-Jun-2017 18:00:50 UTC] PHP Parse error:  syntax error, unexpected ',', expecting ')' in /home/f/foralien/wordpress_2/public_html/wp-content/themes/kandinsky/functions.php on line 37
[22-Jun-2017 19:03:43 UTC] PHP Parse error:  syntax error, unexpected ';', expecting ',' or ')' in /home/f/foralien/wordpress_2/public_html/wp-content/themes/kandinsky/core/customizer.php on line 15
[22-Jun-2017 19:04:07 UTC] PHP Parse error:  syntax error, unexpected ''post_content'' (T_CONSTANT_ENCAPSED_STRING), expecting ')' in /home/f/foralien/wordpress_2/public_html/wp-content/themes/kandinsky/core/customizer.php on line 91
[22-Jun-2017 19:07:18 UTC] PHP Notice:  Array to string conversion in /home/f/foralien/wordpress_2/public_html/wp-content/themes/kandinsky/core/customizer.php on line 184
[22-Jun-2017 19:07:18 UTC] PHP Notice:  Undefined variable: Array in /home/f/foralien/wordpress_2/public_html/wp-content/themes/kandinsky/core/customizer.php on line 184
[22-Jun-2017 19:07:18 UTC] PHP Notice:  Array to string conversion in /home/f/foralien/wordpress_2/public_html/wp-content/themes/kandinsky/core/customizer.php on line 184
[22-Jun-2017 19:07:18 UTC] PHP Notice:  Undefined variable: Array in /home/f/foralien/wordpress_2/public_html/wp-content/themes/kandinsky/core/customizer.php on line 184
[22-Jun-2017 22:17:51 UTC] PHP Parse error:  syntax error, unexpected '}', expecting end of file in /home/f/foralien/wordpress_2/public_html/wp-content/themes/kandinsky/modules/starter/class-demo.php on line 247
[22-Jun-2017 22:17:54 UTC] PHP Parse error:  syntax error, unexpected '}', expecting end of file in /home/f/foralien/wordpress_2/public_html/wp-content/themes/kandinsky/modules/starter/class-demo.php on line 247
[22-Jun-2017 22:18:59 UTC] PHP Notice:  Undefined index: news in /home/f/foralien/wordpress_2/public_html/wp-content/themes/kandinsky/modules/starter/class-demo.php on line 130
[22-Jun-2017 22:18:59 UTC] PHP Warning:  Cannot modify header information - headers already sent by (output started at /home/f/foralien/wordpress_2/public_html/wp-content/themes/kandinsky/modules/starter/class-demo.php:130) in /home/f/foralien/wordpress_2/public_html/wp-includes/option.php on line 837
[22-Jun-2017 22:18:59 UTC] PHP Warning:  Cannot modify header information - headers already sent by (output started at /home/f/foralien/wordpress_2/public_html/wp-content/themes/kandinsky/modules/starter/class-demo.php:130) in /home/f/foralien/wordpress_2/public_html/wp-includes/option.php on line 838
[22-Jun-2017 22:20:00 UTC] PHP Warning:  call_user_func_array() expects parameter 1 to be a valid callback, class 'KND_Demo_Content' does not have a method 'customize_register' in /home/f/foralien/wordpress_2/public_html/wp-includes/class-wp-hook.php on line 298
[22-Jun-2017 22:20:00 UTC] PHP Warning:  Cannot modify header information - headers already sent by (output started at /home/f/foralien/wordpress_2/public_html/wp-includes/class-wp-hook.php:298) in /home/f/foralien/wordpress_2/public_html/wp-includes/option.php on line 837
[22-Jun-2017 22:20:00 UTC] PHP Warning:  Cannot modify header information - headers already sent by (output started at /home/f/foralien/wordpress_2/public_html/wp-includes/class-wp-hook.php:298) in /home/f/foralien/wordpress_2/public_html/wp-includes/option.php on line 838
[22-Jun-2017 22:20:03 UTC] PHP Warning:  call_user_func_array() expects parameter 1 to be a valid callback, class 'KND_Demo_Content' does not have a method 'customize_register' in /home/f/foralien/wordpress_2/public_html/wp-includes/class-wp-hook.php on line 298
[22-Jun-2017 22:20:11 UTC] PHP Warning:  call_user_func_array() expects parameter 1 to be a valid callback, class 'KND_Demo_Content' does not have a method 'customize_register' in /home/f/foralien/wordpress_2/public_html/wp-includes/class-wp-hook.php on line 298
[22-Jun-2017 22:20:49 UTC] PHP Warning:  call_user_func_array() expects parameter 1 to be a valid callback, class 'KND_Demo_Content' does not have a method 'customize_register' in /home/f/foralien/wordpress_2/public_html/wp-includes/class-wp-hook.php on line 298
[22-Jun-2017 22:20:49 UTC] PHP Warning:  Cannot modify header information - headers already sent by (output started at /home/f/foralien/wordpress_2/public_html/wp-includes/class-wp-hook.php:298) in /home/f/foralien/wordpress_2/public_html/wp-includes/option.php on line 837
[22-Jun-2017 22:20:49 UTC] PHP Warning:  Cannot modify header information - headers already sent by (output started at /home/f/foralien/wordpress_2/public_html/wp-includes/class-wp-hook.php:298) in /home/f/foralien/wordpress_2/public_html/wp-includes/option.php on line 838
[22-Jun-2017 22:20:52 UTC] PHP Warning:  call_user_func_array() expects parameter 1 to be a valid callback, class 'KND_Demo_Content' does not have a method 'customize_register' in /home/f/foralien/wordpress_2/public_html/wp-includes/class-wp-hook.php on line 298
[22-Jun-2017 22:21:22 UTC] PHP Warning:  call_user_func_array() expects parameter 1 to be a valid callback, class 'KND_Demo_Content' does not have a method 'customize_register' in /home/f/foralien/wordpress_2/public_html/wp-includes/class-wp-hook.php on line 298
[22-Jun-2017 22:21:22 UTC] PHP Warning:  Cannot modify header information - headers already sent by (output started at /home/f/foralien/wordpress_2/public_html/wp-includes/class-wp-hook.php:298) in /home/f/foralien/wordpress_2/public_html/wp-includes/option.php on line 837
[22-Jun-2017 22:21:22 UTC] PHP Warning:  Cannot modify header information - headers already sent by (output started at /home/f/foralien/wordpress_2/public_html/wp-includes/class-wp-hook.php:298) in /home/f/foralien/wordpress_2/public_html/wp-includes/option.php on line 838
[22-Jun-2017 22:21:26 UTC] PHP Warning:  call_user_func_array() expects parameter 1 to be a valid callback, class 'KND_Demo_Content' does not have a method 'customize_register' in /home/f/foralien/wordpress_2/public_html/wp-includes/class-wp-hook.php on line 298
[22-Jun-2017 22:21:48 UTC] PHP Warning:  call_user_func_array() expects parameter 1 to be a valid callback, class 'KND_Demo_Content' does not have a method 'customize_register' in /home/f/foralien/wordpress_2/public_html/wp-includes/class-wp-hook.php on line 298
[22-Jun-2017 22:21:48 UTC] PHP Warning:  Cannot modify header information - headers already sent by (output started at /home/f/foralien/wordpress_2/public_html/wp-includes/class-wp-hook.php:298) in /home/f/foralien/wordpress_2/public_html/wp-includes/option.php on line 837
[22-Jun-2017 22:21:48 UTC] PHP Warning:  Cannot modify header information - headers already sent by (output started at /home/f/foralien/wordpress_2/public_html/wp-includes/class-wp-hook.php:298) in /home/f/foralien/wordpress_2/public_html/wp-includes/option.php on line 838
[22-Jun-2017 22:21:50 UTC] PHP Warning:  call_user_func_array() expects parameter 1 to be a valid callback, class 'KND_Demo_Content' does not have a method 'customize_register' in /home/f/foralien/wordpress_2/public_html/wp-includes/class-wp-hook.php on line 298
[22-Jun-2017 22:29:07 UTC] PHP Notice:  Undefined index: thumbnail_url in /home/f/foralien/wordpress_2/public_html/wp-content/themes/kandinsky/modules/starter/class-demo.php on line 179
[22-Jun-2017 22:29:07 UTC] PHP Notice:  Array to string conversion in /home/f/foralien/wordpress_2/public_html/wp-content/themes/kandinsky/modules/starter/class-demo.php on line 202
[22-Jun-2017 22:29:07 UTC] PHP Notice:  Undefined variable: Array in /home/f/foralien/wordpress_2/public_html/wp-content/themes/kandinsky/modules/starter/class-demo.php on line 202
[22-Jun-2017 22:29:07 UTC] PHP Notice:  Array to string conversion in /home/f/foralien/wordpress_2/public_html/wp-content/themes/kandinsky/modules/starter/class-demo.php on line 202
[22-Jun-2017 22:29:07 UTC] PHP Notice:  Undefined variable: Array in /home/f/foralien/wordpress_2/public_html/wp-content/themes/kandinsky/modules/starter/class-demo.php on line 202
[22-Jun-2017 22:34:32 UTC] PHP Notice:  Undefined index: thumbnail_url in /home/f/foralien/wordpress_2/public_html/wp-content/themes/kandinsky/modules/starter/class-demo.php on line 179
[22-Jun-2017 22:34:32 UTC] PHP Notice:  Array to string conversion in /home/f/foralien/wordpress_2/public_html/wp-content/themes/kandinsky/modules/starter/class-demo.php on line 202
[22-Jun-2017 22:34:32 UTC] PHP Notice:  Undefined variable: Array in /home/f/foralien/wordpress_2/public_html/wp-content/themes/kandinsky/modules/starter/class-demo.php on line 202
[22-Jun-2017 22:34:32 UTC] PHP Notice:  Array to string conversion in /home/f/foralien/wordpress_2/public_html/wp-content/themes/kandinsky/modules/starter/class-demo.php on line 202
[22-Jun-2017 22:34:32 UTC] PHP Notice:  Undefined variable: Array in /home/f/foralien/wordpress_2/public_html/wp-content/themes/kandinsky/modules/starter/class-demo.php on line 202
[22-Jun-2017 23:00:35 UTC] PHP Notice:  Undefined index: thumbnail_url in /home/f/foralien/wordpress_2/public_html/wp-content/themes/kandinsky/modules/starter/class-demo.php on line 179
[23-Jun-2017 00:13:20 UTC] PHP Notice:  Undefined index: thumbnail_url in /home/f/foralien/wordpress_2/public_html/wp-content/themes/kandinsky/modules/starter/class-demo.php on line 179
[23-Jun-2017 10:34:06 UTC] PHP Notice:  Undefined index: template in /home/f/foralien/wordpress_2/public_html/wp-content/themes/kandinsky/modules/starter/class-demo.php on line 174
[23-Jun-2017 10:34:06 UTC] PHP Notice:  Undefined index: template in /home/f/foralien/wordpress_2/public_html/wp-content/themes/kandinsky/modules/starter/class-demo.php on line 174
[23-Jun-2017 10:34:06 UTC] PHP Notice:  Undefined index: template in /home/f/foralien/wordpress_2/public_html/wp-content/themes/kandinsky/modules/starter/class-demo.php on line 174
[23-Jun-2017 10:34:06 UTC] PHP Notice:  Undefined index: thumbnail_url in /home/f/foralien/wordpress_2/public_html/wp-content/themes/kandinsky/modules/starter/class-demo.php on line 180
[30-Jun-2017 08:05:46 UTC] PHP Parse error:  syntax error, unexpected '{', expecting '(' in /home/f/foralien/wordpress_2/public_html/wp-content/themes/kandinsky/core/class-cssjs.php on line 88
[30-Jun-2017 08:06:47 UTC] PHP Parse error:  syntax error, unexpected '{', expecting '(' in /home/f/foralien/wordpress_2/public_html/wp-content/themes/kandinsky/core/class-cssjs.php on line 88
[30-Jun-2017 08:07:36 UTC] PHP Warning:  sprintf(): Too few arguments in /home/f/foralien/wordpress_2/public_html/wp-admin/includes/class-bulk-upgrader-skin.php on line 154
[30-Jun-2017 08:07:37 UTC] PHP Warning:  sprintf(): Too few arguments in /home/f/foralien/wordpress_2/public_html/wp-admin/includes/class-bulk-upgrader-skin.php on line 154
[30-Jun-2017 09:04:50 UTC] PHP Warning:  call_user_func_array() expects parameter 1 to be a valid callback, function 'rdc_favicon' not found or invalid function name in /home/f/foralien/wordpress_2/public_html/wp-includes/class-wp-hook.php on line 298
[30-Jun-2017 09:04:53 UTC] PHP Warning:  call_user_func_array() expects parameter 1 to be a valid callback, function 'rdc_favicon' not found or invalid function name in /home/f/foralien/wordpress_2/public_html/wp-includes/class-wp-hook.php on line 298
[30-Jun-2017 09:04:56 UTC] PHP Warning:  call_user_func_array() expects parameter 1 to be a valid callback, function 'rdc_favicon' not found or invalid function name in /home/f/foralien/wordpress_2/public_html/wp-includes/class-wp-hook.php on line 298
[30-Jun-2017 09:04:59 UTC] PHP Warning:  call_user_func_array() expects parameter 1 to be a valid callback, function 'rdc_favicon' not found or invalid function name in /home/f/foralien/wordpress_2/public_html/wp-includes/class-wp-hook.php on line 298
[30-Jun-2017 09:05:01 UTC] PHP Warning:  call_user_func_array() expects parameter 1 to be a valid callback, function 'rdc_favicon' not found or invalid function name in /home/f/foralien/wordpress_2/public_html/wp-includes/class-wp-hook.php on line 298
[30-Jun-2017 12:29:12 UTC] PHP Notice:  Array to string conversion in /home/f/foralien/wordpress_2/public_html/wp-content/themes/kandinsky/functions.php on line 35
[30-Jun-2017 12:29:12 UTC] PHP Notice:  Undefined variable: Array in /home/f/foralien/wordpress_2/public_html/wp-content/themes/kandinsky/functions.php on line 35
[30-Jun-2017 12:29:12 UTC] PHP Warning:  array_intersect_key(): Argument #1 is not an array in /home/f/foralien/wordpress_2/public_html/wp-includes/theme.php on line 2283
[30-Jun-2017 12:29:15 UTC] PHP Notice:  Array to string conversion in /home/f/foralien/wordpress_2/public_html/wp-content/themes/kandinsky/functions.php on line 35
[30-Jun-2017 12:29:15 UTC] PHP Notice:  Undefined variable: Array in /home/f/foralien/wordpress_2/public_html/wp-content/themes/kandinsky/functions.php on line 35
[30-Jun-2017 12:29:15 UTC] PHP Warning:  array_intersect_key(): Argument #1 is not an array in /home/f/foralien/wordpress_2/public_html/wp-includes/theme.php on line 2283
[30-Jun-2017 13:13:24 UTC] PHP Parse error:  syntax error, unexpected '<', expecting end of file in /home/f/foralien/wordpress_2/public_html/wp-content/themes/kandinsky/header.php on line 31
[30-Jun-2017 14:18:56 UTC] PHP Parse error:  syntax error, unexpected 'echo' (T_ECHO) in /home/f/foralien/wordpress_2/public_html/wp-content/themes/kandinsky/core/template-tags.php on line 742
[30-Jun-2017 14:18:56 UTC] PHP Parse error:  syntax error, unexpected 'echo' (T_ECHO) in /home/f/foralien/wordpress_2/public_html/wp-content/themes/kandinsky/core/template-tags.php on line 742
[07-Aug-2017 06:58:16 UTC] PHP Notice:  ob_end_clean(): failed to delete buffer. No buffer to delete in /home/f/foralien/wordpress_2/public_html/wp-content/themes/kandinsky/vendor/envato_setup/envato_setup.php on line 441
[07-Aug-2017 07:18:41 UTC] PHP Notice:  ob_end_clean(): failed to delete buffer. No buffer to delete in /home/f/foralien/wordpress_2/public_html/wp-content/themes/kandinsky/vendor/envato_setup/envato_setup.php on line 441
[07-Aug-2017 07:20:10 UTC] PHP Warning:  sprintf(): Too few arguments in /home/f/foralien/wordpress_2/public_html/wp-admin/includes/class-bulk-upgrader-skin.php on line 154
[07-Aug-2017 07:20:17 UTC] PHP Warning:  sprintf(): Too few arguments in /home/f/foralien/wordpress_2/public_html/wp-admin/includes/class-bulk-upgrader-skin.php on line 154
[07-Aug-2017 07:20:28 UTC] PHP Warning:  sprintf(): Too few arguments in /home/f/foralien/wordpress_2/public_html/wp-admin/includes/class-bulk-upgrader-skin.php on line 154
[07-Aug-2017 07:20:35 UTC] PHP Notice:  ob_end_clean(): failed to delete buffer. No buffer to delete in /home/f/foralien/wordpress_2/public_html/wp-content/themes/kandinsky/vendor/envato_setup/envato_setup.php on line 441
[07-Aug-2017 07:22:19 UTC] PHP Notice:  ob_end_clean(): failed to delete buffer. No buffer to delete in /home/f/foralien/wordpress_2/public_html/wp-content/themes/kandinsky/vendor/envato_setup/envato_setup.php on line 441
[07-Aug-2017 07:22:19 UTC] PHP Warning:  Cannot modify header information - headers already sent by (output started at /home/f/foralien/wordpress_2/public_html/wp-content/themes/kandinsky/vendor/envato_setup/envato_setup.php:441) in /home/f/foralien/wordpress_2/public_html/wp-includes/pluggable.php on line 1210
[07-Aug-2017 07:38:21 UTC] PHP Notice:  ob_end_clean(): failed to delete buffer. No buffer to delete in /home/f/foralien/wordpress_2/public_html/wp-content/themes/kandinsky/vendor/envato_setup/envato_setup.php on line 441
[07-Aug-2017 07:38:27 UTC] PHP Notice:  ob_end_clean(): failed to delete buffer. No buffer to delete in /home/f/foralien/wordpress_2/public_html/wp-content/themes/kandinsky/vendor/envato_setup/envato_setup.php on line 441
[07-Aug-2017 07:38:27 UTC] PHP Notice:  ob_end_clean(): failed to delete buffer. No buffer to delete in /home/f/foralien/wordpress_2/public_html/wp-content/themes/kandinsky/vendor/envato_setup/envato_setup.php on line 441
[07-Aug-2017 07:40:17 UTC] PHP Notice:  ob_end_clean(): failed to delete buffer. No buffer to delete in /home/f/foralien/wordpress_2/public_html/wp-content/themes/kandinsky/vendor/envato_setup/envato_setup.php on line 441
[07-Aug-2017 07:41:44 UTC] PHP Notice:  ob_end_clean(): failed to delete buffer. No buffer to delete in /home/f/foralien/wordpress_2/public_html/wp-content/themes/kandinsky/vendor/envato_setup/envato_setup.php on line 441
[07-Aug-2017 07:41:44 UTC] PHP Notice:  ob_end_clean(): failed to delete buffer. No buffer to delete in /home/f/foralien/wordpress_2/public_html/wp-content/themes/kandinsky/vendor/envato_setup/envato_setup.php on line 441
[07-Aug-2017 07:46:40 UTC] PHP Notice:  ob_end_clean(): failed to delete buffer. No buffer to delete in /home/f/foralien/wordpress_2/public_html/wp-content/themes/kandinsky/vendor/envato_setup/envato_setup.php on line 441
[07-Aug-2017 07:46:41 UTC] PHP Notice:  ob_end_clean(): failed to delete buffer. No buffer to delete in /home/f/foralien/wordpress_2/public_html/wp-content/themes/kandinsky/vendor/envato_setup/envato_setup.php on line 441
[07-Aug-2017 07:47:02 UTC] PHP Notice:  ob_end_clean(): failed to delete buffer. No buffer to delete in /home/f/foralien/wordpress_2/public_html/wp-content/themes/kandinsky/vendor/envato_setup/envato_setup.php on line 441
[07-Aug-2017 07:53:40 UTC] PHP Notice:  ob_end_clean(): failed to delete buffer. No buffer to delete in /home/f/foralien/wordpress_2/public_html/wp-content/themes/kandinsky/vendor/envato_setup/envato_setup.php on line 441
[07-Aug-2017 07:56:46 UTC] PHP Notice:  ob_end_clean(): failed to delete buffer. No buffer to delete in /home/f/foralien/wordpress_2/public_html/wp-content/themes/kandinsky/vendor/envato_setup/envato_setup.php on line 441
[04-Sep-2017 08:56:42 UTC] PHP Warning:  rmdir(/home/f/foralien/wordpress_2/public_html/wp-content/uploads/2017/09/kandinsky-text-master/): Directory not empty in /home/f/foralien/wordpress_2/public_html/wp-content/themes/kandinsky/core/import.php on line 110
[04-Sep-2017 08:57:25 UTC] PHP Notice:  Undefined index: article6 in /home/f/foralien/wordpress_2/public_html/wp-content/themes/kandinsky/modules/starter/import_remote_content.php on line 147
[04-Sep-2017 08:57:46 UTC] PHP Warning:  sprintf(): Too few arguments in /home/f/foralien/wordpress_2/public_html/wp-admin/includes/class-bulk-upgrader-skin.php on line 154
[04-Sep-2017 09:16:36 UTC] PHP Warning:  rmdir(/home/f/foralien/wordpress_2/public_html/wp-content/uploads/2017/09/kandinsky-text-master/): Directory not empty in /home/f/foralien/wordpress_2/public_html/wp-content/themes/kandinsky/core/import.php on line 110
[04-Sep-2017 09:16:36 UTC] PHP Notice:  Undefined offset: 1 in /home/f/foralien/wordpress_2/public_html/wp-content/themes/kandinsky/modules/starter/import_remote_content.php on line 503
[04-Sep-2017 09:16:57 UTC] PHP Warning:  rmdir(/home/f/foralien/wordpress_2/public_html/wp-content/uploads/2017/09/kandinsky-text-master/): Directory not empty in /home/f/foralien/wordpress_2/public_html/wp-content/themes/kandinsky/core/import.php on line 110
[04-Sep-2017 09:16:57 UTC] PHP Notice:  Undefined offset: 1 in /home/f/foralien/wordpress_2/public_html/wp-content/themes/kandinsky/modules/starter/import_remote_content.php on line 503
[04-Sep-2017 09:17:11 UTC] PHP Notice:  Undefined offset: 1 in /home/f/foralien/wordpress_2/public_html/wp-content/themes/kandinsky/modules/starter/import_remote_content.php on line 503
[04-Sep-2017 09:17:12 UTC] PHP Notice:  Undefined offset: 1 in /home/f/foralien/wordpress_2/public_html/wp-content/themes/kandinsky/modules/starter/import_remote_content.php on line 503
[04-Sep-2017 09:17:13 UTC] PHP Notice:  Undefined offset: 1 in /home/f/foralien/wordpress_2/public_html/wp-content/themes/kandinsky/modules/starter/import_remote_content.php on line 503
[04-Sep-2017 09:17:14 UTC] PHP Notice:  Undefined offset: 1 in /home/f/foralien/wordpress_2/public_html/wp-content/themes/kandinsky/modules/starter/import_remote_content.php on line 503
[04-Sep-2017 09:17:14 UTC] PHP Notice:  Undefined offset: 1 in /home/f/foralien/wordpress_2/public_html/wp-content/themes/kandinsky/modules/starter/import_remote_content.php on line 503
[04-Sep-2017 09:18:24 UTC] PHP Warning:  rmdir(/home/f/foralien/wordpress_2/public_html/wp-content/uploads/2017/09/kandinsky-text-master/): Directory not empty in /home/f/foralien/wordpress_2/public_html/wp-content/themes/kandinsky/core/import.php on line 110
[04-Sep-2017 09:18:24 UTC] PHP Notice:  Undefined offset: 1 in /home/f/foralien/wordpress_2/public_html/wp-content/themes/kandinsky/modules/starter/import_remote_content.php on line 503
[04-Sep-2017 09:18:40 UTC] PHP Notice:  Undefined offset: 1 in /home/f/foralien/wordpress_2/public_html/wp-content/themes/kandinsky/modules/starter/import_remote_content.php on line 503
[04-Sep-2017 09:18:40 UTC] PHP Notice:  Undefined offset: 1 in /home/f/foralien/wordpress_2/public_html/wp-content/themes/kandinsky/modules/starter/import_remote_content.php on line 503
[04-Sep-2017 09:18:41 UTC] PHP Notice:  Undefined offset: 1 in /home/f/foralien/wordpress_2/public_html/wp-content/themes/kandinsky/modules/starter/import_remote_content.php on line 503
[04-Sep-2017 09:18:42 UTC] PHP Notice:  Undefined offset: 1 in /home/f/foralien/wordpress_2/public_html/wp-content/themes/kandinsky/modules/starter/import_remote_content.php on line 503
[04-Sep-2017 09:18:42 UTC] PHP Notice:  Undefined offset: 1 in /home/f/foralien/wordpress_2/public_html/wp-content/themes/kandinsky/modules/starter/import_remote_content.php on line 503
[04-Sep-2017 09:26:15 UTC] PHP Warning:  rmdir(/home/f/foralien/wordpress_2/public_html/wp-content/uploads/2017/09/kandinsky-text-master/): Directory not empty in /home/f/foralien/wordpress_2/public_html/wp-content/themes/kandinsky/core/import.php on line 110
[04-Sep-2017 09:26:15 UTC] PHP Notice:  Undefined offset: 1 in /home/f/foralien/wordpress_2/public_html/wp-content/themes/kandinsky/modules/starter/import_remote_content.php on line 503
[04-Sep-2017 09:26:23 UTC] PHP Notice:  Undefined offset: 1 in /home/f/foralien/wordpress_2/public_html/wp-content/themes/kandinsky/modules/starter/import_remote_content.php on line 503
[04-Sep-2017 09:26:23 UTC] PHP Notice:  Undefined offset: 1 in /home/f/foralien/wordpress_2/public_html/wp-content/themes/kandinsky/modules/starter/import_remote_content.php on line 503
[04-Sep-2017 09:26:24 UTC] PHP Notice:  Undefined offset: 1 in /home/f/foralien/wordpress_2/public_html/wp-content/themes/kandinsky/modules/starter/import_remote_content.php on line 503
[04-Sep-2017 09:26:25 UTC] PHP Notice:  Undefined offset: 1 in /home/f/foralien/wordpress_2/public_html/wp-content/themes/kandinsky/modules/starter/import_remote_content.php on line 503
[04-Sep-2017 09:26:25 UTC] PHP Notice:  Undefined offset: 1 in /home/f/foralien/wordpress_2/public_html/wp-content/themes/kandinsky/modules/starter/import_remote_content.php on line 503
[04-Sep-2017 09:37:21 UTC] PHP Warning:  rmdir(/home/f/foralien/wordpress_2/public_html/wp-content/uploads/2017/09/kandinsky-text-master/): Directory not empty in /home/f/foralien/wordpress_2/public_html/wp-content/themes/kandinsky/core/import.php on line 110
[04-Sep-2017 09:37:29 UTC] PHP Notice:  Undefined index: article6 in /home/f/foralien/wordpress_2/public_html/wp-content/themes/kandinsky/modules/starter/import_remote_content.php on line 147
[04-Sep-2017 10:40:57 UTC] PHP Warning:  rmdir(/home/f/foralien/wordpress_2/public_html/wp-content/uploads/2017/09/kandinsky-text-master/): Directory not empty in /home/f/foralien/wordpress_2/public_html/wp-content/themes/kandinsky/core/import.php on line 110
[04-Sep-2017 10:40:57 UTC] PHP Notice:  Undefined offset: 1 in /home/f/foralien/wordpress_2/public_html/wp-content/themes/kandinsky/modules/starter/import_remote_content.php on line 503
[04-Sep-2017 10:41:05 UTC] PHP Notice:  Undefined offset: 1 in /home/f/foralien/wordpress_2/public_html/wp-content/themes/kandinsky/modules/starter/import_remote_content.php on line 503
[04-Sep-2017 10:41:05 UTC] PHP Notice:  Undefined offset: 1 in /home/f/foralien/wordpress_2/public_html/wp-content/themes/kandinsky/modules/starter/import_remote_content.php on line 503
[04-Sep-2017 10:41:06 UTC] PHP Notice:  Undefined offset: 1 in /home/f/foralien/wordpress_2/public_html/wp-content/themes/kandinsky/modules/starter/import_remote_content.php on line 503
[04-Sep-2017 10:41:06 UTC] PHP Notice:  Undefined offset: 1 in /home/f/foralien/wordpress_2/public_html/wp-content/themes/kandinsky/modules/starter/import_remote_content.php on line 503
[04-Sep-2017 10:41:06 UTC] PHP Notice:  Undefined offset: 1 in /home/f/foralien/wordpress_2/public_html/wp-content/themes/kandinsky/modules/starter/import_remote_content.php on line 503
[04-Sep-2017 10:43:10 UTC] PHP Warning:  rmdir(/home/f/foralien/wordpress_2/public_html/wp-content/uploads/2017/09/kandinsky-text-master/): Directory not empty in /home/f/foralien/wordpress_2/public_html/wp-content/themes/kandinsky/core/import.php on line 110
[04-Sep-2017 10:43:10 UTC] PHP Notice:  Undefined offset: 1 in /home/f/foralien/wordpress_2/public_html/wp-content/themes/kandinsky/modules/starter/import_remote_content.php on line 503
[04-Sep-2017 10:43:34 UTC] PHP Notice:  Undefined offset: 1 in /home/f/foralien/wordpress_2/public_html/wp-content/themes/kandinsky/modules/starter/import_remote_content.php on line 503
[04-Sep-2017 10:43:35 UTC] PHP Notice:  Undefined offset: 1 in /home/f/foralien/wordpress_2/public_html/wp-content/themes/kandinsky/modules/starter/import_remote_content.php on line 503
[04-Sep-2017 10:43:35 UTC] PHP Notice:  Undefined offset: 1 in /home/f/foralien/wordpress_2/public_html/wp-content/themes/kandinsky/modules/starter/import_remote_content.php on line 503
[04-Sep-2017 10:43:35 UTC] PHP Notice:  Undefined offset: 1 in /home/f/foralien/wordpress_2/public_html/wp-content/themes/kandinsky/modules/starter/import_remote_content.php on line 503
[04-Sep-2017 10:43:36 UTC] PHP Notice:  Undefined offset: 1 in /home/f/foralien/wordpress_2/public_html/wp-content/themes/kandinsky/modules/starter/import_remote_content.php on line 503
[04-Sep-2017 14:20:44 UTC] PHP Warning:  rmdir(/home/f/foralien/wordpress_2/public_html/wp-content/uploads/2017/09/kandinsky-text-master/): Directory not empty in /home/f/foralien/wordpress_2/public_html/wp-content/themes/kandinsky/core/import.php on line 110
[04-Sep-2017 14:20:44 UTC] PHP Notice:  Undefined offset: 1 in /home/f/foralien/wordpress_2/public_html/wp-content/themes/kandinsky/modules/starter/import_remote_content.php on line 503
[04-Sep-2017 14:20:50 UTC] PHP Notice:  Undefined offset: 1 in /home/f/foralien/wordpress_2/public_html/wp-content/themes/kandinsky/modules/starter/import_remote_content.php on line 503
[04-Sep-2017 14:20:51 UTC] PHP Notice:  Undefined offset: 1 in /home/f/foralien/wordpress_2/public_html/wp-content/themes/kandinsky/modules/starter/import_remote_content.php on line 503
[04-Sep-2017 14:20:51 UTC] PHP Notice:  Undefined offset: 1 in /home/f/foralien/wordpress_2/public_html/wp-content/themes/kandinsky/modules/starter/import_remote_content.php on line 503
[04-Sep-2017 14:20:51 UTC] PHP Notice:  Undefined offset: 1 in /home/f/foralien/wordpress_2/public_html/wp-content/themes/kandinsky/modules/starter/import_remote_content.php on line 503
[04-Sep-2017 14:20:51 UTC] PHP Notice:  Undefined offset: 1 in /home/f/foralien/wordpress_2/public_html/wp-content/themes/kandinsky/modules/starter/import_remote_content.php on line 503
[04-Sep-2017 14:57:11 UTC] PHP Notice:  Undefined offset: 1 in /home/f/foralien/wordpress_2/public_html/wp-content/themes/kandinsky/modules/starter/import_remote_content.php on line 503
[04-Sep-2017 14:57:18 UTC] PHP Notice:  Undefined offset: 1 in /home/f/foralien/wordpress_2/public_html/wp-content/themes/kandinsky/modules/starter/import_remote_content.php on line 503
[04-Sep-2017 14:57:18 UTC] PHP Notice:  Undefined offset: 1 in /home/f/foralien/wordpress_2/public_html/wp-content/themes/kandinsky/modules/starter/import_remote_content.php on line 503
[04-Sep-2017 14:57:18 UTC] PHP Notice:  Undefined offset: 1 in /home/f/foralien/wordpress_2/public_html/wp-content/themes/kandinsky/modules/starter/import_remote_content.php on line 503
[04-Sep-2017 14:57:19 UTC] PHP Notice:  Undefined offset: 1 in /home/f/foralien/wordpress_2/public_html/wp-content/themes/kandinsky/modules/starter/import_remote_content.php on line 503
[04-Sep-2017 14:57:19 UTC] PHP Notice:  Undefined offset: 1 in /home/f/foralien/wordpress_2/public_html/wp-content/themes/kandinsky/modules/starter/import_remote_content.php on line 503
[04-Sep-2017 14:59:39 UTC] PHP Warning:  rmdir(/home/f/foralien/wordpress_2/public_html/wp-content/uploads/2017/09/kandinsky-text-master/): Directory not empty in /home/f/foralien/wordpress_2/public_html/wp-content/themes/kandinsky/core/import.php on line 110
[04-Sep-2017 14:59:39 UTC] PHP Notice:  Undefined offset: 1 in /home/f/foralien/wordpress_2/public_html/wp-content/themes/kandinsky/modules/starter/import_remote_content.php on line 503
[04-Sep-2017 14:59:45 UTC] PHP Notice:  Undefined offset: 1 in /home/f/foralien/wordpress_2/public_html/wp-content/themes/kandinsky/modules/starter/import_remote_content.php on line 503
[04-Sep-2017 14:59:45 UTC] PHP Notice:  Undefined offset: 1 in /home/f/foralien/wordpress_2/public_html/wp-content/themes/kandinsky/modules/starter/import_remote_content.php on line 503
[04-Sep-2017 14:59:45 UTC] PHP Notice:  Undefined offset: 1 in /home/f/foralien/wordpress_2/public_html/wp-content/themes/kandinsky/modules/starter/import_remote_content.php on line 503
[04-Sep-2017 14:59:45 UTC] PHP Notice:  Undefined offset: 1 in /home/f/foralien/wordpress_2/public_html/wp-content/themes/kandinsky/modules/starter/import_remote_content.php on line 503
[04-Sep-2017 14:59:46 UTC] PHP Notice:  Undefined offset: 1 in /home/f/foralien/wordpress_2/public_html/wp-content/themes/kandinsky/modules/starter/import_remote_content.php on line 503
[04-Sep-2017 15:06:10 UTC] PHP Warning:  rmdir(/home/f/foralien/wordpress_2/public_html/wp-content/uploads/2017/09/kandinsky-text-master/): Directory not empty in /home/f/foralien/wordpress_2/public_html/wp-content/themes/kandinsky/core/import.php on line 110
[04-Sep-2017 15:06:10 UTC] PHP Notice:  Undefined offset: 1 in /home/f/foralien/wordpress_2/public_html/wp-content/themes/kandinsky/modules/starter/import_remote_content.php on line 503
[04-Sep-2017 15:06:30 UTC] PHP Notice:  Undefined offset: 1 in /home/f/foralien/wordpress_2/public_html/wp-content/themes/kandinsky/modules/starter/import_remote_content.php on line 503
[04-Sep-2017 15:06:31 UTC] PHP Notice:  Undefined offset: 1 in /home/f/foralien/wordpress_2/public_html/wp-content/themes/kandinsky/modules/starter/import_remote_content.php on line 503
[04-Sep-2017 15:06:31 UTC] PHP Notice:  Undefined offset: 1 in /home/f/foralien/wordpress_2/public_html/wp-content/themes/kandinsky/modules/starter/import_remote_content.php on line 503
[04-Sep-2017 15:06:31 UTC] PHP Notice:  Undefined offset: 1 in /home/f/foralien/wordpress_2/public_html/wp-content/themes/kandinsky/modules/starter/import_remote_content.php on line 503
[04-Sep-2017 15:06:32 UTC] PHP Notice:  Undefined offset: 1 in /home/f/foralien/wordpress_2/public_html/wp-content/themes/kandinsky/modules/starter/import_remote_content.php on line 503
[04-Sep-2017 20:13:06 UTC] PHP Warning:  rmdir(/home/f/foralien/wordpress_2/public_html/wp-content/uploads/2017/09/kandinsky-text-master/): Directory not empty in /home/f/foralien/wordpress_2/public_html/wp-content/themes/kandinsky/core/import.php on line 110
[04-Sep-2017 20:13:17 UTC] PHP Notice:  Undefined index: page-volunteers in /home/f/foralien/wordpress_2/public_html/wp-content/themes/kandinsky/modules/starter/import_remote_content.php on line 147
[04-Sep-2017 20:13:17 UTC] PHP Notice:  Trying to get property of non-object in /home/f/foralien/wordpress_2/public_html/wp-content/themes/kandinsky/modules/starter/plot_data_builder.php on line 246
[04-Sep-2017 20:13:17 UTC] PHP Warning:  Creating default object from empty value in /home/f/foralien/wordpress_2/public_html/wp-content/themes/kandinsky/modules/starter/plot_data_builder.php on line 246
[04-Sep-2017 20:13:17 UTC] PHP Notice:  Undefined property: stdClass::$title in /home/f/foralien/wordpress_2/public_html/wp-content/themes/kandinsky/modules/starter/plot_data_builder.php on line 398
[04-Sep-2017 20:13:17 UTC] PHP Fatal error:  Uncaught Error: Call to undefined method stdClass::get_post_slug() in /home/f/foralien/wordpress_2/public_html/wp-content/themes/kandinsky/modules/starter/plot_data_builder.php:399
Stack trace:
#0 /home/f/foralien/wordpress_2/public_html/wp-content/themes/kandinsky/modules/starter/plot_data_builder.php(251): KND_Plot_Data_Builder->save_post(Object(stdClass), 'page')
#1 /home/f/foralien/wordpress_2/public_html/wp-content/themes/kandinsky/modules/starter/plot_data_builder.php(142): KND_Plot_Data_Builder->build_section_template_page('volunteers', Array)
#2 /home/f/foralien/wordpress_2/public_html/wp-content/themes/kandinsky/vendor/envato_setup/envato_setup.php(851): KND_Plot_Data_Builder->build_pages()
#3 /home/f/foralien/wordpress_2/public_html/wp-content/themes/kandinsky/vendor/envato_setup/envato_setup.php(1028): Envato_Theme_Setup_Wizard->_content_install_pages()
#4 /home/f/foralien/wordpress_2/public_html/wp-includes/class-wp-hook.php(298): Envato_Theme_Setup_Wizard->ajax_content('')
#5 /home/f/foralien/wor in /home/f/foralien/wordpress_2/public_html/wp-content/themes/kandinsky/modules/starter/plot_data_builder.php on line 399
[04-Sep-2017 20:13:18 UTC] PHP Notice:  Undefined index: article6 in /home/f/foralien/wordpress_2/public_html/wp-content/themes/kandinsky/modules/starter/import_remote_content.php on line 147
[04-Sep-2017 20:19:28 UTC] PHP Warning:  rmdir(/home/f/foralien/wordpress_2/public_html/wp-content/uploads/2017/09/kandinsky-text-master/): Directory not empty in /home/f/foralien/wordpress_2/public_html/wp-content/themes/kandinsky/core/import.php on line 110
[04-Sep-2017 20:20:08 UTC] PHP Warning:  rmdir(/home/f/foralien/wordpress_2/public_html/wp-content/uploads/2017/09/kandinsky-text-master/): Directory not empty in /home/f/foralien/wordpress_2/public_html/wp-content/themes/kandinsky/core/import.php on line 110
[04-Sep-2017 20:20:20 UTC] PHP Notice:  Undefined index: page-volunteers in /home/f/foralien/wordpress_2/public_html/wp-content/themes/kandinsky/modules/starter/import_remote_content.php on line 147
[04-Sep-2017 20:20:20 UTC] PHP Notice:  Trying to get property of non-object in /home/f/foralien/wordpress_2/public_html/wp-content/themes/kandinsky/modules/starter/plot_data_builder.php on line 246
[04-Sep-2017 20:20:20 UTC] PHP Warning:  Creating default object from empty value in /home/f/foralien/wordpress_2/public_html/wp-content/themes/kandinsky/modules/starter/plot_data_builder.php on line 246
[04-Sep-2017 20:20:20 UTC] PHP Notice:  Undefined property: stdClass::$title in /home/f/foralien/wordpress_2/public_html/wp-content/themes/kandinsky/modules/starter/plot_data_builder.php on line 398
[04-Sep-2017 20:20:20 UTC] PHP Fatal error:  Uncaught Error: Call to undefined method stdClass::get_post_slug() in /home/f/foralien/wordpress_2/public_html/wp-content/themes/kandinsky/modules/starter/plot_data_builder.php:399
Stack trace:
#0 /home/f/foralien/wordpress_2/public_html/wp-content/themes/kandinsky/modules/starter/plot_data_builder.php(251): KND_Plot_Data_Builder->save_post(Object(stdClass), 'page')
#1 /home/f/foralien/wordpress_2/public_html/wp-content/themes/kandinsky/modules/starter/plot_data_builder.php(142): KND_Plot_Data_Builder->build_section_template_page('volunteers', Array)
#2 /home/f/foralien/wordpress_2/public_html/wp-content/themes/kandinsky/vendor/envato_setup/envato_setup.php(851): KND_Plot_Data_Builder->build_pages()
#3 /home/f/foralien/wordpress_2/public_html/wp-content/themes/kandinsky/vendor/envato_setup/envato_setup.php(1028): Envato_Theme_Setup_Wizard->_content_install_pages()
#4 /home/f/foralien/wordpress_2/public_html/wp-includes/class-wp-hook.php(298): Envato_Theme_Setup_Wizard->ajax_content('')
#5 /home/f/foralien/wor in /home/f/foralien/wordpress_2/public_html/wp-content/themes/kandinsky/modules/starter/plot_data_builder.php on line 399
[04-Sep-2017 20:20:21 UTC] PHP Notice:  Undefined index: article6 in /home/f/foralien/wordpress_2/public_html/wp-content/themes/kandinsky/modules/starter/import_remote_content.php on line 147
[04-Sep-2017 20:30:06 UTC] PHP Warning:  rmdir(/home/f/foralien/wordpress_2/public_html/wp-content/uploads/2017/09/kandinsky-text-master/): Directory not empty in /home/f/foralien/wordpress_2/public_html/wp-content/themes/kandinsky/core/import.php on line 110
[04-Sep-2017 20:30:06 UTC] PHP Notice:  Undefined offset: 1 in /home/f/foralien/wordpress_2/public_html/wp-content/themes/kandinsky/modules/starter/import_remote_content.php on line 503
[04-Sep-2017 20:30:35 UTC] PHP Notice:  Undefined offset: 1 in /home/f/foralien/wordpress_2/public_html/wp-content/themes/kandinsky/modules/starter/import_remote_content.php on line 503
[04-Sep-2017 20:30:36 UTC] PHP Notice:  Undefined offset: 1 in /home/f/foralien/wordpress_2/public_html/wp-content/themes/kandinsky/modules/starter/import_remote_content.php on line 503
[04-Sep-2017 20:30:37 UTC] PHP Notice:  Undefined offset: 1 in /home/f/foralien/wordpress_2/public_html/wp-content/themes/kandinsky/modules/starter/import_remote_content.php on line 503
[04-Sep-2017 20:30:38 UTC] PHP Notice:  Undefined offset: 1 in /home/f/foralien/wordpress_2/public_html/wp-content/themes/kandinsky/modules/starter/import_remote_content.php on line 503
[04-Sep-2017 20:30:38 UTC] PHP Notice:  Undefined offset: 1 in /home/f/foralien/wordpress_2/public_html/wp-content/themes/kandinsky/modules/starter/import_remote_content.php on line 503
[04-Sep-2017 20:35:10 UTC] PHP Warning:  rmdir(/home/f/foralien/wordpress_2/public_html/wp-content/uploads/2017/09/kandinsky-text-master/): Directory not empty in /home/f/foralien/wordpress_2/public_html/wp-content/themes/kandinsky/core/import.php on line 110
[04-Sep-2017 20:35:10 UTC] PHP Notice:  Undefined offset: 1 in /home/f/foralien/wordpress_2/public_html/wp-content/themes/kandinsky/modules/starter/import_remote_content.php on line 503
[04-Sep-2017 20:35:37 UTC] PHP Notice:  Undefined offset: 1 in /home/f/foralien/wordpress_2/public_html/wp-content/themes/kandinsky/modules/starter/import_remote_content.php on line 503
[04-Sep-2017 20:35:38 UTC] PHP Notice:  Undefined offset: 1 in /home/f/foralien/wordpress_2/public_html/wp-content/themes/kandinsky/modules/starter/import_remote_content.php on line 503
[04-Sep-2017 20:35:39 UTC] PHP Notice:  Undefined offset: 1 in /home/f/foralien/wordpress_2/public_html/wp-content/themes/kandinsky/modules/starter/import_remote_content.php on line 503
[04-Sep-2017 20:35:39 UTC] PHP Notice:  Undefined offset: 1 in /home/f/foralien/wordpress_2/public_html/wp-content/themes/kandinsky/modules/starter/import_remote_content.php on line 503
[04-Sep-2017 20:35:40 UTC] PHP Notice:  Undefined offset: 1 in /home/f/foralien/wordpress_2/public_html/wp-content/themes/kandinsky/modules/starter/import_remote_content.php on line 503
[04-Sep-2017 20:36:34 UTC] PHP Warning:  rmdir(/home/f/foralien/wordpress_2/public_html/wp-content/uploads/2017/09/kandinsky-text-master/): Directory not empty in /home/f/foralien/wordpress_2/public_html/wp-content/themes/kandinsky/core/import.php on line 110
[04-Sep-2017 20:36:43 UTC] PHP Notice:  Undefined index: page-volunteers in /home/f/foralien/wordpress_2/public_html/wp-content/themes/kandinsky/modules/starter/import_remote_content.php on line 147
[04-Sep-2017 20:36:43 UTC] PHP Notice:  Trying to get property of non-object in /home/f/foralien/wordpress_2/public_html/wp-content/themes/kandinsky/modules/starter/plot_data_builder.php on line 246
[04-Sep-2017 20:36:43 UTC] PHP Warning:  Creating default object from empty value in /home/f/foralien/wordpress_2/public_html/wp-content/themes/kandinsky/modules/starter/plot_data_builder.php on line 246
[04-Sep-2017 20:36:43 UTC] PHP Notice:  Undefined property: stdClass::$title in /home/f/foralien/wordpress_2/public_html/wp-content/themes/kandinsky/modules/starter/plot_data_builder.php on line 398
[04-Sep-2017 20:36:43 UTC] PHP Fatal error:  Uncaught Error: Call to undefined method stdClass::get_post_slug() in /home/f/foralien/wordpress_2/public_html/wp-content/themes/kandinsky/modules/starter/plot_data_builder.php:399
Stack trace:
#0 /home/f/foralien/wordpress_2/public_html/wp-content/themes/kandinsky/modules/starter/plot_data_builder.php(251): KND_Plot_Data_Builder->save_post(Object(stdClass), 'page')
#1 /home/f/foralien/wordpress_2/public_html/wp-content/themes/kandinsky/modules/starter/plot_data_builder.php(142): KND_Plot_Data_Builder->build_section_template_page('volunteers', Array)
#2 /home/f/foralien/wordpress_2/public_html/wp-content/themes/kandinsky/vendor/envato_setup/envato_setup.php(851): KND_Plot_Data_Builder->build_pages()
#3 /home/f/foralien/wordpress_2/public_html/wp-content/themes/kandinsky/vendor/envato_setup/envato_setup.php(1028): Envato_Theme_Setup_Wizard->_content_install_pages()
#4 /home/f/foralien/wordpress_2/public_html/wp-includes/class-wp-hook.php(298): Envato_Theme_Setup_Wizard->ajax_content('')
#5 /home/f/foralien/wor in /home/f/foralien/wordpress_2/public_html/wp-content/themes/kandinsky/modules/starter/plot_data_builder.php on line 399
[04-Sep-2017 20:36:44 UTC] PHP Notice:  Undefined index: article6 in /home/f/foralien/wordpress_2/public_html/wp-content/themes/kandinsky/modules/starter/import_remote_content.php on line 147
[04-Sep-2017 20:53:00 UTC] PHP Notice:  Undefined index: article6 in /home/f/foralien/wordpress_2/public_html/wp-content/themes/kandinsky/modules/starter/import_remote_content.php on line 147
[04-Sep-2017 20:57:16 UTC] PHP Warning:  rmdir(/home/f/foralien/wordpress_2/public_html/wp-content/uploads/2017/09/kandinsky-text-master/): Directory not empty in /home/f/foralien/wordpress_2/public_html/wp-content/themes/kandinsky/core/import.php on line 110
[04-Sep-2017 20:57:16 UTC] PHP Notice:  Undefined offset: 1 in /home/f/foralien/wordpress_2/public_html/wp-content/themes/kandinsky/modules/starter/import_remote_content.php on line 503
[04-Sep-2017 20:57:46 UTC] PHP Notice:  Undefined offset: 1 in /home/f/foralien/wordpress_2/public_html/wp-content/themes/kandinsky/modules/starter/import_remote_content.php on line 503
[04-Sep-2017 20:57:46 UTC] PHP Notice:  Undefined offset: 1 in /home/f/foralien/wordpress_2/public_html/wp-content/themes/kandinsky/modules/starter/import_remote_content.php on line 503
[04-Sep-2017 20:57:47 UTC] PHP Notice:  Undefined offset: 1 in /home/f/foralien/wordpress_2/public_html/wp-content/themes/kandinsky/modules/starter/import_remote_content.php on line 503
[04-Sep-2017 20:57:48 UTC] PHP Notice:  Undefined offset: 1 in /home/f/foralien/wordpress_2/public_html/wp-content/themes/kandinsky/modules/starter/import_remote_content.php on line 503
[04-Sep-2017 20:57:49 UTC] PHP Notice:  Undefined offset: 1 in /home/f/foralien/wordpress_2/public_html/wp-content/themes/kandinsky/modules/starter/import_remote_content.php on line 503
[04-Sep-2017 21:23:19 UTC] PHP Warning:  rmdir(/home/f/foralien/wordpress_2/public_html/wp-content/uploads/2017/09/kandinsky-text-master/): Directory not empty in /home/f/foralien/wordpress_2/public_html/wp-content/themes/kandinsky/core/import.php on line 110
[04-Sep-2017 21:23:19 UTC] PHP Notice:  Undefined offset: 1 in /home/f/foralien/wordpress_2/public_html/wp-content/themes/kandinsky/modules/starter/import_remote_content.php on line 503
[04-Sep-2017 21:23:54 UTC] PHP Warning:  rmdir(/home/f/foralien/wordpress_2/public_html/wp-content/uploads/2017/09/kandinsky-text-master/): Directory not empty in /home/f/foralien/wordpress_2/public_html/wp-content/themes/kandinsky/core/import.php on line 110
[04-Sep-2017 21:24:20 UTC] PHP Notice:  Undefined index: article6 in /home/f/foralien/wordpress_2/public_html/wp-content/themes/kandinsky/modules/starter/import_remote_content.php on line 147
[04-Sep-2017 21:25:49 UTC] PHP Warning:  rmdir(/home/f/foralien/wordpress_2/public_html/wp-content/uploads/2017/09/kandinsky-text-master/): Directory not empty in /home/f/foralien/wordpress_2/public_html/wp-content/themes/kandinsky/core/import.php on line 110
[04-Sep-2017 21:25:49 UTC] PHP Notice:  Undefined offset: 1 in /home/f/foralien/wordpress_2/public_html/wp-content/themes/kandinsky/modules/starter/import_remote_content.php on line 503
[04-Sep-2017 21:25:57 UTC] PHP Notice:  Undefined offset: 1 in /home/f/foralien/wordpress_2/public_html/wp-content/themes/kandinsky/modules/starter/import_remote_content.php on line 503
[04-Sep-2017 21:25:58 UTC] PHP Notice:  Undefined offset: 1 in /home/f/foralien/wordpress_2/public_html/wp-content/themes/kandinsky/modules/starter/import_remote_content.php on line 503
[04-Sep-2017 21:25:59 UTC] PHP Notice:  Undefined offset: 1 in /home/f/foralien/wordpress_2/public_html/wp-content/themes/kandinsky/modules/starter/import_remote_content.php on line 503
[04-Sep-2017 21:26:00 UTC] PHP Notice:  Undefined offset: 1 in /home/f/foralien/wordpress_2/public_html/wp-content/themes/kandinsky/modules/starter/import_remote_content.php on line 503
[04-Sep-2017 21:26:01 UTC] PHP Notice:  Undefined offset: 1 in /home/f/foralien/wordpress_2/public_html/wp-content/themes/kandinsky/modules/starter/import_remote_content.php on line 503
[05-Sep-2017 03:38:27 UTC] PHP Notice:  Undefined offset: 1 in /home/f/foralien/wordpress_2/public_html/wp-content/themes/kandinsky/modules/starter/import_remote_content.php on line 503
[05-Sep-2017 03:38:51 UTC] PHP Notice:  Undefined offset: 1 in /home/f/foralien/wordpress_2/public_html/wp-content/themes/kandinsky/modules/starter/import_remote_content.php on line 503
[05-Sep-2017 03:38:52 UTC] PHP Notice:  Undefined offset: 1 in /home/f/foralien/wordpress_2/public_html/wp-content/themes/kandinsky/modules/starter/import_remote_content.php on line 503
[05-Sep-2017 03:38:54 UTC] PHP Notice:  Undefined offset: 1 in /home/f/foralien/wordpress_2/public_html/wp-content/themes/kandinsky/modules/starter/import_remote_content.php on line 503
[05-Sep-2017 03:38:55 UTC] PHP Notice:  Undefined offset: 1 in /home/f/foralien/wordpress_2/public_html/wp-content/themes/kandinsky/modules/starter/import_remote_content.php on line 503
[05-Sep-2017 03:38:57 UTC] PHP Notice:  Undefined offset: 1 in /home/f/foralien/wordpress_2/public_html/wp-content/themes/kandinsky/modules/starter/import_remote_content.php on line 503
[05-Sep-2017 03:42:58 UTC] PHP Warning:  rmdir(/home/f/foralien/wordpress_2/public_html/wp-content/uploads/2017/09/kandinsky-text-master/): Directory not empty in /home/f/foralien/wordpress_2/public_html/wp-content/themes/kandinsky/core/import.php on line 110
[05-Sep-2017 03:43:19 UTC] PHP Warning:  rmdir(/home/f/foralien/wordpress_2/public_html/wp-content/uploads/2017/09/kandinsky-text-master/): Directory not empty in /home/f/foralien/wordpress_2/public_html/wp-content/themes/kandinsky/core/import.php on line 110
[05-Sep-2017 03:43:19 UTC] PHP Notice:  Undefined offset: 1 in /home/f/foralien/wordpress_2/public_html/wp-content/themes/kandinsky/modules/starter/import_remote_content.php on line 503
[05-Sep-2017 03:43:31 UTC] PHP Warning:  rmdir(/home/f/foralien/wordpress_2/public_html/wp-content/uploads/2017/09/kandinsky-text-master/): Directory not empty in /home/f/foralien/wordpress_2/public_html/wp-content/themes/kandinsky/core/import.php on line 110
[05-Sep-2017 03:43:44 UTC] PHP Notice:  Undefined index: article6 in /home/f/foralien/wordpress_2/public_html/wp-content/themes/kandinsky/modules/starter/import_remote_content.php on line 147
[05-Sep-2017 03:53:26 UTC] PHP Notice:  Undefined offset: 1 in /home/f/foralien/wordpress_2/public_html/wp-content/themes/kandinsky/modules/starter/import_remote_content.php on line 503
[05-Sep-2017 03:53:46 UTC] PHP Warning:  rmdir(/home/f/foralien/wordpress_2/public_html/wp-content/uploads/2017/09/kandinsky-text-master/): Directory not empty in /home/f/foralien/wordpress_2/public_html/wp-content/themes/kandinsky/core/import.php on line 110
[05-Sep-2017 03:54:11 UTC] PHP Warning:  rmdir(/home/f/foralien/wordpress_2/public_html/wp-content/uploads/2017/09/kandinsky-text-master/): Directory not empty in /home/f/foralien/wordpress_2/public_html/wp-content/themes/kandinsky/core/import.php on line 110
[05-Sep-2017 03:54:11 UTC] PHP Notice:  Undefined offset: 1 in /home/f/foralien/wordpress_2/public_html/wp-content/themes/kandinsky/modules/starter/import_remote_content.php on line 503
[05-Sep-2017 03:54:23 UTC] PHP Notice:  Undefined offset: 1 in /home/f/foralien/wordpress_2/public_html/wp-content/themes/kandinsky/modules/starter/import_remote_content.php on line 503
[05-Sep-2017 03:54:24 UTC] PHP Notice:  Undefined offset: 1 in /home/f/foralien/wordpress_2/public_html/wp-content/themes/kandinsky/modules/starter/import_remote_content.php on line 503
[05-Sep-2017 03:54:25 UTC] PHP Notice:  Undefined offset: 1 in /home/f/foralien/wordpress_2/public_html/wp-content/themes/kandinsky/modules/starter/import_remote_content.php on line 503
[05-Sep-2017 03:54:26 UTC] PHP Notice:  Undefined offset: 1 in /home/f/foralien/wordpress_2/public_html/wp-content/themes/kandinsky/modules/starter/import_remote_content.php on line 503
[05-Sep-2017 03:54:26 UTC] PHP Notice:  Undefined offset: 1 in /home/f/foralien/wordpress_2/public_html/wp-content/themes/kandinsky/modules/starter/import_remote_content.php on line 503
[13-Sep-2017 19:48:17 UTC] PHP Parse error:  syntax error, unexpected end of file in /home/f/foralien/wordpress_2/public_html/wp-content/themes/kandinsky/modules/starter/plot_config.php on line 225
[14-Sep-2017 06:57:31 UTC] PHP Deprecated:  Methods with the same name as their class will not be constructors in a future version of PHP; WPReset has a deprecated constructor in /home/f/foralien/wordpress_2/public_html/wp-content/plugins/wp-reset/wp-reset.php on line 20
[14-Sep-2017 06:57:32 UTC] PHP Deprecated:  Methods with the same name as their class will not be constructors in a future version of PHP; WPReset has a deprecated constructor in /home/f/foralien/wordpress_2/public_html/wp-content/plugins/wp-reset/wp-reset.php on line 20
[14-Sep-2017 06:57:40 UTC] PHP Deprecated:  Methods with the same name as their class will not be constructors in a future version of PHP; WPReset has a deprecated constructor in /home/f/foralien/wordpress_2/public_html/wp-content/plugins/wp-reset/wp-reset.php on line 20
[14-Sep-2017 06:57:58 UTC] PHP Deprecated:  Methods with the same name as their class will not be constructors in a future version of PHP; WPReset has a deprecated constructor in /home/f/foralien/wordpress_2/public_html/wp-content/plugins/wp-reset/wp-reset.php on line 20
[14-Sep-2017 06:58:04 UTC] PHP Deprecated:  Methods with the same name as their class will not be constructors in a future version of PHP; WPReset has a deprecated constructor in /home/f/foralien/wordpress_2/public_html/wp-content/plugins/wp-reset/wp-reset.php on line 20
[14-Sep-2017 13:38:54 UTC] PHP Parse error:  syntax error, unexpected end of file in /home/f/foralien/wordpress_2/public_html/wp-content/themes/kandinsky/modules/starter/plot_data_builder.php on line 273
[14-Sep-2017 13:45:44 UTC] PHP Warning:  Invalid argument supplied for foreach() in /home/f/foralien/wordpress_2/public_html/wp-content/themes/kandinsky/modules/starter/plot_data_builder.php on line 650
[14-Sep-2017 13:45:44 UTC] PHP Warning:  Invalid argument supplied for foreach() in /home/f/foralien/wordpress_2/public_html/wp-content/themes/kandinsky/modules/starter/plot_data_builder.php on line 650
[14-Sep-2017 13:45:44 UTC] PHP Warning:  Invalid argument supplied for foreach() in /home/f/foralien/wordpress_2/public_html/wp-content/themes/kandinsky/modules/starter/plot_data_builder.php on line 650
[14-Sep-2017 13:45:44 UTC] PHP Warning:  Invalid argument supplied for foreach() in /home/f/foralien/wordpress_2/public_html/wp-content/themes/kandinsky/modules/starter/plot_data_builder.php on line 650
[14-Sep-2017 13:45:44 UTC] PHP Warning:  Invalid argument supplied for foreach() in /home/f/foralien/wordpress_2/public_html/wp-content/themes/kandinsky/modules/starter/plot_data_builder.php on line 650
[14-Sep-2017 13:45:44 UTC] PHP Warning:  Invalid argument supplied for foreach() in /home/f/foralien/wordpress_2/public_html/wp-content/themes/kandinsky/modules/starter/plot_data_builder.php on line 650
[14-Sep-2017 13:45:44 UTC] PHP Warning:  Invalid argument supplied for foreach() in /home/f/foralien/wordpress_2/public_html/wp-content/themes/kandinsky/modules/starter/plot_data_builder.php on line 650
[14-Sep-2017 13:45:44 UTC] PHP Warning:  Invalid argument supplied for foreach() in /home/f/foralien/wordpress_2/public_html/wp-content/themes/kandinsky/modules/starter/plot_data_builder.php on line 650
[14-Sep-2017 13:45:44 UTC] PHP Warning:  Invalid argument supplied for foreach() in /home/f/foralien/wordpress_2/public_html/wp-content/themes/kandinsky/modules/starter/plot_data_builder.php on line 650
[14-Sep-2017 13:45:44 UTC] PHP Warning:  Invalid argument supplied for foreach() in /home/f/foralien/wordpress_2/public_html/wp-content/themes/kandinsky/modules/starter/plot_data_builder.php on line 650
[14-Sep-2017 13:45:44 UTC] PHP Warning:  Invalid argument supplied for foreach() in /home/f/foralien/wordpress_2/public_html/wp-content/themes/kandinsky/modules/starter/plot_data_builder.php on line 650
[14-Sep-2017 13:45:44 UTC] PHP Warning:  Invalid argument supplied for foreach() in /home/f/foralien/wordpress_2/public_html/wp-content/themes/kandinsky/modules/starter/plot_data_builder.php on line 650
[14-Sep-2017 13:45:44 UTC] PHP Warning:  Invalid argument supplied for foreach() in /home/f/foralien/wordpress_2/public_html/wp-content/themes/kandinsky/modules/starter/plot_data_builder.php on line 650
[14-Sep-2017 13:45:44 UTC] PHP Warning:  Invalid argument supplied for foreach() in /home/f/foralien/wordpress_2/public_html/wp-content/themes/kandinsky/modules/starter/plot_data_builder.php on line 650
[14-Sep-2017 13:45:44 UTC] PHP Warning:  Invalid argument supplied for foreach() in /home/f/foralien/wordpress_2/public_html/wp-content/themes/kandinsky/modules/starter/plot_data_builder.php on line 650
[14-Sep-2017 13:45:44 UTC] PHP Warning:  Invalid argument supplied for foreach() in /home/f/foralien/wordpress_2/public_html/wp-content/themes/kandinsky/modules/starter/plot_data_builder.php on line 650
[14-Sep-2017 13:45:44 UTC] PHP Warning:  Invalid argument supplied for foreach() in /home/f/foralien/wordpress_2/public_html/wp-content/themes/kandinsky/modules/starter/plot_data_builder.php on line 650
[14-Sep-2017 13:45:44 UTC] PHP Warning:  Invalid argument supplied for foreach() in /home/f/foralien/wordpress_2/public_html/wp-content/themes/kandinsky/modules/starter/plot_data_builder.php on line 650
[14-Sep-2017 13:45:44 UTC] PHP Warning:  Invalid argument supplied for foreach() in /home/f/foralien/wordpress_2/public_html/wp-content/themes/kandinsky/modules/starter/plot_data_builder.php on line 650
[14-Sep-2017 13:45:44 UTC] PHP Warning:  Invalid argument supplied for foreach() in /home/f/foralien/wordpress_2/public_html/wp-content/themes/kandinsky/modules/starter/plot_data_builder.php on line 650
[14-Sep-2017 13:45:44 UTC] PHP Warning:  Invalid argument supplied for foreach() in /home/f/foralien/wordpress_2/public_html/wp-content/themes/kandinsky/modules/starter/plot_data_builder.php on line 650
[14-Sep-2017 13:45:44 UTC] PHP Warning:  Invalid argument supplied for foreach() in /home/f/foralien/wordpress_2/public_html/wp-content/themes/kandinsky/modules/starter/plot_data_builder.php on line 650
[14-Sep-2017 13:45:44 UTC] PHP Warning:  Invalid argument supplied for foreach() in /home/f/foralien/wordpress_2/public_html/wp-content/themes/kandinsky/modules/starter/plot_data_builder.php on line 650
[14-Sep-2017 13:45:44 UTC] PHP Warning:  Invalid argument supplied for foreach() in /home/f/foralien/wordpress_2/public_html/wp-content/themes/kandinsky/modules/starter/plot_data_builder.php on line 650
[14-Sep-2017 13:45:44 UTC] PHP Warning:  Invalid argument supplied for foreach() in /home/f/foralien/wordpress_2/public_html/wp-content/themes/kandinsky/modules/starter/plot_data_builder.php on line 650
[14-Sep-2017 13:45:44 UTC] PHP Warning:  Invalid argument supplied for foreach() in /home/f/foralien/wordpress_2/public_html/wp-content/themes/kandinsky/modules/starter/plot_data_builder.php on line 650
[14-Sep-2017 13:45:44 UTC] PHP Warning:  Invalid argument supplied for foreach() in /home/f/foralien/wordpress_2/public_html/wp-content/themes/kandinsky/modules/starter/plot_data_builder.php on line 650
[14-Sep-2017 13:45:44 UTC] PHP Warning:  Invalid argument supplied for foreach() in /home/f/foralien/wordpress_2/public_html/wp-content/themes/kandinsky/modules/starter/plot_data_builder.php on line 650
[14-Sep-2017 13:45:44 UTC] PHP Warning:  Invalid argument supplied for foreach() in /home/f/foralien/wordpress_2/public_html/wp-content/themes/kandinsky/modules/starter/plot_data_builder.php on line 650
[14-Sep-2017 13:45:44 UTC] PHP Warning:  Invalid argument supplied for foreach() in /home/f/foralien/wordpress_2/public_html/wp-content/themes/kandinsky/modules/starter/plot_data_builder.php on line 650
[14-Sep-2017 13:45:44 UTC] PHP Warning:  Invalid argument supplied for foreach() in /home/f/foralien/wordpress_2/public_html/wp-content/themes/kandinsky/modules/starter/plot_data_builder.php on line 650
[14-Sep-2017 13:45:44 UTC] PHP Warning:  Invalid argument supplied for foreach() in /home/f/foralien/wordpress_2/public_html/wp-content/themes/kandinsky/modules/starter/plot_data_builder.php on line 650
[14-Sep-2017 13:45:44 UTC] PHP Warning:  Invalid argument supplied for foreach() in /home/f/foralien/wordpress_2/public_html/wp-content/themes/kandinsky/modules/starter/plot_data_builder.php on line 650
[14-Sep-2017 13:45:44 UTC] PHP Warning:  Invalid argument supplied for foreach() in /home/f/foralien/wordpress_2/public_html/wp-content/themes/kandinsky/modules/starter/plot_data_builder.php on line 650
[14-Sep-2017 13:46:00 UTC] PHP Warning:  sprintf(): Too few arguments in /home/f/foralien/wordpress_2/public_html/wp-admin/includes/class-bulk-upgrader-skin.php on line 154
[14-Sep-2017 13:46:05 UTC] PHP Fatal error:  Cannot declare class Leyka_Sms_Box, because the name is already in use in /home/f/foralien/wordpress_2/public_html/wp-content/themes/kandinsky/modules/donations.php on line 76
[14-Sep-2017 13:46:05 UTC] PHP Fatal error:  Cannot declare class Leyka_Sms_Box, because the name is already in use in /home/f/foralien/wordpress_2/public_html/wp-content/themes/kandinsky/modules/donations.php on line 76
[14-Sep-2017 13:46:14 UTC] PHP Fatal error:  Cannot declare class Leyka_Sms_Box, because the name is already in use in /home/f/foralien/wordpress_2/public_html/wp-content/themes/kandinsky/modules/donations.php on line 76
[14-Sep-2017 13:46:29 UTC] PHP Fatal error:  Cannot declare class Leyka_Sms_Box, because the name is already in use in /home/f/foralien/wordpress_2/public_html/wp-content/themes/kandinsky/modules/donations.php on line 76
